\BOOKMARK [1][-]{section.1}{kbluePropuesta\040de\040trabajo}{}% 1
\BOOKMARK [2][-]{subsection.1.1}{blackgreenModelo\0401}{section.1}% 2
\BOOKMARK [3][-]{subsubsection.1.1.1}{Servidor\040en\040la\040nube}{subsection.1.1}% 3
\BOOKMARK [3][-]{subsubsection.1.1.2}{Servicios}{subsection.1.1}% 4
\BOOKMARK [1][-]{section.2}{kblueMódulos}{}% 5
\BOOKMARK [2][-]{subsection.2.1}{blackgreen.NET}{section.2}% 6
\BOOKMARK [3][-]{subsubsection.2.1.1}{OperacionesV6}{subsection.2.1}% 7
\BOOKMARK [3][-]{subsubsection.2.1.2}{LlantasNet}{subsection.2.1}% 8
\BOOKMARK [2][-]{subsection.2.2}{blackgreenPBD}{section.2}% 9
\BOOKMARK [3][-]{subsubsection.2.2.1}{Mantenimiento}{subsection.2.2}% 10
\BOOKMARK [3][-]{subsubsection.2.2.2}{Tráfico}{subsection.2.2}% 11
\BOOKMARK [3][-]{subsubsection.2.2.3}{Facturación y Cobranza \(clientes\)}{subsection.2.2}% 12
\BOOKMARK [3][-]{subsubsection.2.2.4}{Accidentes \(pólizas\)}{subsection.2.2}% 13
\BOOKMARK [3][-]{subsubsection.2.2.5}{Almacén}{subsection.2.2}% 14
\BOOKMARK [1][-]{section.3}{kblueRequisitos Mínimos de Hardware}{}% 15
\BOOKMARK [2][-]{subsection.3.1}{blackgreenWorkstations\040:}{section.3}% 16
\BOOKMARK [1][-]{section.4}{kblueNuestra\040experiencia}{}% 17
\BOOKMARK [1][-]{section.5}{kblueGlosario}{}% 18
\BOOKMARK [2][-]{subsection.5.1}{Interface}{section.5}% 19
\BOOKMARK [2][-]{subsection.5.2}{Tunnel}{section.5}% 20
\BOOKMARK [1][-]{section.6}{kblueContacto}{}% 21
